2023-06-19 20:16:54.125 [DEBU] {1e3bbb278e0e6a171219a25e47e920e7} [  6 ms] [default] [shop] [rows:6  ] SHOW FULL COLUMNS FROM `role_info`
2023-06-19 20:16:54.126 [ERRO] {1e3bbb278e0e6a171219a25e47e920e7} [  1 ms] [default] [shop] [rows:0  ] INSERT INTO `role_info`(`name`,`created_at`,`updated_at`) VALUES('开发','2023-06-19 20:16:54','2023-06-19 20:16:54') 
Error: Error 1364: Field 'desc' doesn't have a default value
Stack:
1.  github.com/gogf/gf/v2/database/gdb.(*Core).writeSqlToLogger
    /home/rime/Project/go/pkg/mod/github.com/gogf/gf/v2@v2.4.1/database/gdb/gdb_core.go:750
2.  github.com/gogf/gf/v2/database/gdb.(*Core).DoCommit
    /home/rime/Project/go/pkg/mod/github.com/gogf/gf/v2@v2.4.1/database/gdb/gdb_core_underlying.go:280
3.  github.com/gogf/gf/v2/database/gdb.(*Core).DoExec
    /home/rime/Project/go/pkg/mod/github.com/gogf/gf/v2@v2.4.1/database/gdb/gdb_core_underlying.go:137
4.  github.com/gogf/gf/v2/database/gdb.(*Core).DoInsert
    /home/rime/Project/go/pkg/mod/github.com/gogf/gf/v2@v2.4.1/database/gdb/gdb_core.go:514
5.  github.com/gogf/gf/v2/database/gdb.(*HookInsertInput).Next
    /home/rime/Project/go/pkg/mod/github.com/gogf/gf/v2@v2.4.1/database/gdb/gdb_model_hook.go:122
6.  github.com/gogf/gf/v2/database/gdb.(*Model).doInsertWithOption
    /home/rime/Project/go/pkg/mod/github.com/gogf/gf/v2@v2.4.1/database/gdb/gdb_model_insert.go:371
7.  github.com/gogf/gf/v2/database/gdb.(*Model).InsertAndGetId
    /home/rime/Project/go/pkg/mod/github.com/gogf/gf/v2@v2.4.1/database/gdb/gdb_model_insert.go:202
8.  rime-shop-gf/internal/logic/role.(*sRole).Create
    /home/rime/Project/go/src/rime-shop-gf/internal/logic/role/role.go:22
9.  rime-shop-gf/internal/controller.(*cRole).Create
    /home/rime/Project/go/src/rime-shop-gf/internal/controller/role.go:16
10. github.com/gogf/gf/v2/net/ghttp.(*middleware).callHandlerFunc.func1
    /home/rime/Project/go/pkg/mod/github.com/gogf/gf/v2@v2.4.1/net/ghttp/ghttp_request_middleware.go:152
11. github.com/gogf/gf/v2/net/ghttp.niceCallFunc
    /home/rime/Project/go/pkg/mod/github.com/gogf/gf/v2@v2.4.1/net/ghttp/ghttp_func.go:55
12. github.com/gogf/gf/v2/net/ghttp.(*middleware).callHandlerFunc
    /home/rime/Project/go/pkg/mod/github.com/gogf/gf/v2@v2.4.1/net/ghttp/ghttp_request_middleware.go:129
13. github.com/gogf/gf/v2/net/ghttp.(*middleware).Next.func1
    /home/rime/Project/go/pkg/mod/github.com/gogf/gf/v2@v2.4.1/net/ghttp/ghttp_request_middleware.go:75
14. github.com/gogf/gf/v2/util/gutil.TryCatch
    /home/rime/Project/go/pkg/mod/github.com/gogf/gf/v2@v2.4.1/util/gutil/gutil.go:56
15. github.com/gogf/gf/v2/net/ghttp.(*middleware).Next
    /home/rime/Project/go/pkg/mod/github.com/gogf/gf/v2@v2.4.1/net/ghttp/ghttp_request_middleware.go:49
16. rime-shop-gf/internal/logic/middleware.(*sMiddleware).ResponseHandler
    /home/rime/Project/go/src/rime-shop-gf/internal/logic/middleware/middleware.go:51
17. github.com/gogf/gf/v2/net/ghttp.(*middleware).Next.func1.1
    /home/rime/Project/go/pkg/mod/github.com/gogf/gf/v2@v2.4.1/net/ghttp/ghttp_request_middleware.go:55
18. github.com/gogf/gf/v2/net/ghttp.niceCallFunc
    /home/rime/Project/go/pkg/mod/github.com/gogf/gf/v2@v2.4.1/net/ghttp/ghttp_func.go:55
19. github.com/gogf/gf/v2/net/ghttp.(*middleware).Next.func1
    /home/rime/Project/go/pkg/mod/github.com/gogf/gf/v2@v2.4.1/net/ghttp/ghttp_request_middleware.go:54
20. github.com/gogf/gf/v2/util/gutil.TryCatch
    /home/rime/Project/go/pkg/mod/github.com/gogf/gf/v2@v2.4.1/util/gutil/gutil.go:56
21. github.com/gogf/gf/v2/net/ghttp.(*middleware).Next
    /home/rime/Project/go/pkg/mod/github.com/gogf/gf/v2@v2.4.1/net/ghttp/ghttp_request_middleware.go:49
22. rime-shop-gf/internal/logic/middleware.(*sMiddleware).Ctx
    /home/rime/Project/go/src/rime-shop-gf/internal/logic/middleware/middleware.go:108
23. github.com/gogf/gf/v2/net/ghttp.(*middleware).Next.func1.1
    /home/rime/Project/go/pkg/mod/github.com/gogf/gf/v2@v2.4.1/net/ghttp/ghttp_request_middleware.go:55
24. github.com/gogf/gf/v2/net/ghttp.niceCallFunc
    /home/rime/Project/go/pkg/mod/github.com/gogf/gf/v2@v2.4.1/net/ghttp/ghttp_func.go:55
25. github.com/gogf/gf/v2/net/ghttp.(*middleware).Next.func1
    /home/rime/Project/go/pkg/mod/github.com/gogf/gf/v2@v2.4.1/net/ghttp/ghttp_request_middleware.go:54
26. github.com/gogf/gf/v2/util/gutil.TryCatch
    /home/rime/Project/go/pkg/mod/github.com/gogf/gf/v2@v2.4.1/util/gutil/gutil.go:56
27. github.com/gogf/gf/v2/net/ghttp.(*middleware).Next
    /home/rime/Project/go/pkg/mod/github.com/gogf/gf/v2@v2.4.1/net/ghttp/ghttp_request_middleware.go:49
28. github.com/gogf/gf/v2/net/ghttp.internalMiddlewareServerTracing
    /home/rime/Project/go/pkg/mod/github.com/gogf/gf/v2@v2.4.1/net/ghttp/ghttp_middleware_tracing.go:79
29. github.com/gogf/gf/v2/net/ghttp.(*middleware).Next.func1.5
    /home/rime/Project/go/pkg/mod/github.com/gogf/gf/v2@v2.4.1/net/ghttp/ghttp_request_middleware.go:96
30. github.com/gogf/gf/v2/net/ghttp.niceCallFunc
    /home/rime/Project/go/pkg/mod/github.com/gogf/gf/v2@v2.4.1/net/ghttp/ghttp_func.go:55
31. github.com/gogf/gf/v2/net/ghttp.(*middleware).Next.func1
    /home/rime/Project/go/pkg/mod/github.com/gogf/gf/v2@v2.4.1/net/ghttp/ghttp_request_middleware.go:95
32. github.com/gogf/gf/v2/util/gutil.TryCatch
    /home/rime/Project/go/pkg/mod/github.com/gogf/gf/v2@v2.4.1/util/gutil/gutil.go:56
33. github.com/gogf/gf/v2/net/ghttp.(*middleware).Next
    /home/rime/Project/go/pkg/mod/github.com/gogf/gf/v2@v2.4.1/net/ghttp/ghttp_request_middleware.go:49
34. github.com/gogf/gf/v2/net/ghttp.(*Server).ServeHTTP
    /home/rime/Project/go/pkg/mod/github.com/gogf/gf/v2@v2.4.1/net/ghttp/ghttp_server_handler.go:132

2023-06-19 20:17:50.090 [ERRO] {54eed32f9b0e6a171319a25ea8a901fa} [  0 ms] [default] [shop] [rows:0  ] INSERT INTO `role_info`(`name`,`created_at`,`updated_at`) VALUES('开发','2023-06-19 20:17:50','2023-06-19 20:17:50') 
Error: Error 1364: Field 'desc' doesn't have a default value
Stack:
1.  github.com/gogf/gf/v2/database/gdb.(*Core).writeSqlToLogger
    /home/rime/Project/go/pkg/mod/github.com/gogf/gf/v2@v2.4.1/database/gdb/gdb_core.go:750
2.  github.com/gogf/gf/v2/database/gdb.(*Core).DoCommit
    /home/rime/Project/go/pkg/mod/github.com/gogf/gf/v2@v2.4.1/database/gdb/gdb_core_underlying.go:280
3.  github.com/gogf/gf/v2/database/gdb.(*Core).DoExec
    /home/rime/Project/go/pkg/mod/github.com/gogf/gf/v2@v2.4.1/database/gdb/gdb_core_underlying.go:137
4.  github.com/gogf/gf/v2/database/gdb.(*Core).DoInsert
    /home/rime/Project/go/pkg/mod/github.com/gogf/gf/v2@v2.4.1/database/gdb/gdb_core.go:514
5.  github.com/gogf/gf/v2/database/gdb.(*HookInsertInput).Next
    /home/rime/Project/go/pkg/mod/github.com/gogf/gf/v2@v2.4.1/database/gdb/gdb_model_hook.go:122
6.  github.com/gogf/gf/v2/database/gdb.(*Model).doInsertWithOption
    /home/rime/Project/go/pkg/mod/github.com/gogf/gf/v2@v2.4.1/database/gdb/gdb_model_insert.go:371
7.  github.com/gogf/gf/v2/database/gdb.(*Model).InsertAndGetId
    /home/rime/Project/go/pkg/mod/github.com/gogf/gf/v2@v2.4.1/database/gdb/gdb_model_insert.go:202
8.  rime-shop-gf/internal/logic/role.(*sRole).Create
    /home/rime/Project/go/src/rime-shop-gf/internal/logic/role/role.go:22
9.  rime-shop-gf/internal/controller.(*cRole).Create
    /home/rime/Project/go/src/rime-shop-gf/internal/controller/role.go:16
10. github.com/gogf/gf/v2/net/ghttp.(*middleware).callHandlerFunc.func1
    /home/rime/Project/go/pkg/mod/github.com/gogf/gf/v2@v2.4.1/net/ghttp/ghttp_request_middleware.go:152
11. github.com/gogf/gf/v2/net/ghttp.niceCallFunc
    /home/rime/Project/go/pkg/mod/github.com/gogf/gf/v2@v2.4.1/net/ghttp/ghttp_func.go:55
12. github.com/gogf/gf/v2/net/ghttp.(*middleware).callHandlerFunc
    /home/rime/Project/go/pkg/mod/github.com/gogf/gf/v2@v2.4.1/net/ghttp/ghttp_request_middleware.go:129
13. github.com/gogf/gf/v2/net/ghttp.(*middleware).Next.func1
    /home/rime/Project/go/pkg/mod/github.com/gogf/gf/v2@v2.4.1/net/ghttp/ghttp_request_middleware.go:75
14. github.com/gogf/gf/v2/util/gutil.TryCatch
    /home/rime/Project/go/pkg/mod/github.com/gogf/gf/v2@v2.4.1/util/gutil/gutil.go:56
15. github.com/gogf/gf/v2/net/ghttp.(*middleware).Next
    /home/rime/Project/go/pkg/mod/github.com/gogf/gf/v2@v2.4.1/net/ghttp/ghttp_request_middleware.go:49
16. rime-shop-gf/internal/logic/middleware.(*sMiddleware).ResponseHandler
    /home/rime/Project/go/src/rime-shop-gf/internal/logic/middleware/middleware.go:51
17. github.com/gogf/gf/v2/net/ghttp.(*middleware).Next.func1.1
    /home/rime/Project/go/pkg/mod/github.com/gogf/gf/v2@v2.4.1/net/ghttp/ghttp_request_middleware.go:55
18. github.com/gogf/gf/v2/net/ghttp.niceCallFunc
    /home/rime/Project/go/pkg/mod/github.com/gogf/gf/v2@v2.4.1/net/ghttp/ghttp_func.go:55
19. github.com/gogf/gf/v2/net/ghttp.(*middleware).Next.func1
    /home/rime/Project/go/pkg/mod/github.com/gogf/gf/v2@v2.4.1/net/ghttp/ghttp_request_middleware.go:54
20. github.com/gogf/gf/v2/util/gutil.TryCatch
    /home/rime/Project/go/pkg/mod/github.com/gogf/gf/v2@v2.4.1/util/gutil/gutil.go:56
21. github.com/gogf/gf/v2/net/ghttp.(*middleware).Next
    /home/rime/Project/go/pkg/mod/github.com/gogf/gf/v2@v2.4.1/net/ghttp/ghttp_request_middleware.go:49
22. rime-shop-gf/internal/logic/middleware.(*sMiddleware).Ctx
    /home/rime/Project/go/src/rime-shop-gf/internal/logic/middleware/middleware.go:108
23. github.com/gogf/gf/v2/net/ghttp.(*middleware).Next.func1.1
    /home/rime/Project/go/pkg/mod/github.com/gogf/gf/v2@v2.4.1/net/ghttp/ghttp_request_middleware.go:55
24. github.com/gogf/gf/v2/net/ghttp.niceCallFunc
    /home/rime/Project/go/pkg/mod/github.com/gogf/gf/v2@v2.4.1/net/ghttp/ghttp_func.go:55
25. github.com/gogf/gf/v2/net/ghttp.(*middleware).Next.func1
    /home/rime/Project/go/pkg/mod/github.com/gogf/gf/v2@v2.4.1/net/ghttp/ghttp_request_middleware.go:54
26. github.com/gogf/gf/v2/util/gutil.TryCatch
    /home/rime/Project/go/pkg/mod/github.com/gogf/gf/v2@v2.4.1/util/gutil/gutil.go:56
27. github.com/gogf/gf/v2/net/ghttp.(*middleware).Next
    /home/rime/Project/go/pkg/mod/github.com/gogf/gf/v2@v2.4.1/net/ghttp/ghttp_request_middleware.go:49
28. github.com/gogf/gf/v2/net/ghttp.internalMiddlewareServerTracing
    /home/rime/Project/go/pkg/mod/github.com/gogf/gf/v2@v2.4.1/net/ghttp/ghttp_middleware_tracing.go:79
29. github.com/gogf/gf/v2/net/ghttp.(*middleware).Next.func1.5
    /home/rime/Project/go/pkg/mod/github.com/gogf/gf/v2@v2.4.1/net/ghttp/ghttp_request_middleware.go:96
30. github.com/gogf/gf/v2/net/ghttp.niceCallFunc
    /home/rime/Project/go/pkg/mod/github.com/gogf/gf/v2@v2.4.1/net/ghttp/ghttp_func.go:55
31. github.com/gogf/gf/v2/net/ghttp.(*middleware).Next.func1
    /home/rime/Project/go/pkg/mod/github.com/gogf/gf/v2@v2.4.1/net/ghttp/ghttp_request_middleware.go:95
32. github.com/gogf/gf/v2/util/gutil.TryCatch
    /home/rime/Project/go/pkg/mod/github.com/gogf/gf/v2@v2.4.1/util/gutil/gutil.go:56
33. github.com/gogf/gf/v2/net/ghttp.(*middleware).Next
    /home/rime/Project/go/pkg/mod/github.com/gogf/gf/v2@v2.4.1/net/ghttp/ghttp_request_middleware.go:49
34. github.com/gogf/gf/v2/net/ghttp.(*Server).ServeHTTP
    /home/rime/Project/go/pkg/mod/github.com/gogf/gf/v2@v2.4.1/net/ghttp/ghttp_server_handler.go:132

2023-06-19 20:19:37.845 [DEBU] {0a287f46b40e6a17b3803c013347605b} [  2 ms] [default] [shop] [rows:6  ] SHOW FULL COLUMNS FROM `role_info`
2023-06-19 20:19:37.847 [ERRO] {0a287f46b40e6a17b3803c013347605b} [  0 ms] [default] [shop] [rows:0  ] INSERT INTO `role_info`(`name`,`created_at`,`updated_at`) VALUES('开发','2023-06-19 20:19:37','2023-06-19 20:19:37') 
Error: Error 1364: Field 'desc' doesn't have a default value
Stack:
1.  github.com/gogf/gf/v2/database/gdb.(*Core).writeSqlToLogger
    /home/rime/Project/go/pkg/mod/github.com/gogf/gf/v2@v2.4.1/database/gdb/gdb_core.go:750
2.  github.com/gogf/gf/v2/database/gdb.(*Core).DoCommit
    /home/rime/Project/go/pkg/mod/github.com/gogf/gf/v2@v2.4.1/database/gdb/gdb_core_underlying.go:280
3.  github.com/gogf/gf/v2/database/gdb.(*Core).DoExec
    /home/rime/Project/go/pkg/mod/github.com/gogf/gf/v2@v2.4.1/database/gdb/gdb_core_underlying.go:137
4.  github.com/gogf/gf/v2/database/gdb.(*Core).DoInsert
    /home/rime/Project/go/pkg/mod/github.com/gogf/gf/v2@v2.4.1/database/gdb/gdb_core.go:514
5.  github.com/gogf/gf/v2/database/gdb.(*HookInsertInput).Next
    /home/rime/Project/go/pkg/mod/github.com/gogf/gf/v2@v2.4.1/database/gdb/gdb_model_hook.go:122
6.  github.com/gogf/gf/v2/database/gdb.(*Model).doInsertWithOption
    /home/rime/Project/go/pkg/mod/github.com/gogf/gf/v2@v2.4.1/database/gdb/gdb_model_insert.go:371
7.  github.com/gogf/gf/v2/database/gdb.(*Model).InsertAndGetId
    /home/rime/Project/go/pkg/mod/github.com/gogf/gf/v2@v2.4.1/database/gdb/gdb_model_insert.go:202
8.  rime-shop-gf/internal/logic/role.(*sRole).Create
    /home/rime/Project/go/src/rime-shop-gf/internal/logic/role/role.go:22
9.  rime-shop-gf/internal/controller.(*cRole).Create
    /home/rime/Project/go/src/rime-shop-gf/internal/controller/role.go:16
10. github.com/gogf/gf/v2/net/ghttp.(*middleware).callHandlerFunc.func1
    /home/rime/Project/go/pkg/mod/github.com/gogf/gf/v2@v2.4.1/net/ghttp/ghttp_request_middleware.go:152
11. github.com/gogf/gf/v2/net/ghttp.niceCallFunc
    /home/rime/Project/go/pkg/mod/github.com/gogf/gf/v2@v2.4.1/net/ghttp/ghttp_func.go:55
12. github.com/gogf/gf/v2/net/ghttp.(*middleware).callHandlerFunc
    /home/rime/Project/go/pkg/mod/github.com/gogf/gf/v2@v2.4.1/net/ghttp/ghttp_request_middleware.go:129
13. github.com/gogf/gf/v2/net/ghttp.(*middleware).Next.func1
    /home/rime/Project/go/pkg/mod/github.com/gogf/gf/v2@v2.4.1/net/ghttp/ghttp_request_middleware.go:75
14. github.com/gogf/gf/v2/util/gutil.TryCatch
    /home/rime/Project/go/pkg/mod/github.com/gogf/gf/v2@v2.4.1/util/gutil/gutil.go:56
15. github.com/gogf/gf/v2/net/ghttp.(*middleware).Next
    /home/rime/Project/go/pkg/mod/github.com/gogf/gf/v2@v2.4.1/net/ghttp/ghttp_request_middleware.go:49
16. rime-shop-gf/internal/logic/middleware.(*sMiddleware).ResponseHandler
    /home/rime/Project/go/src/rime-shop-gf/internal/logic/middleware/middleware.go:51
17. github.com/gogf/gf/v2/net/ghttp.(*middleware).Next.func1.1
    /home/rime/Project/go/pkg/mod/github.com/gogf/gf/v2@v2.4.1/net/ghttp/ghttp_request_middleware.go:55
18. github.com/gogf/gf/v2/net/ghttp.niceCallFunc
    /home/rime/Project/go/pkg/mod/github.com/gogf/gf/v2@v2.4.1/net/ghttp/ghttp_func.go:55
19. github.com/gogf/gf/v2/net/ghttp.(*middleware).Next.func1
    /home/rime/Project/go/pkg/mod/github.com/gogf/gf/v2@v2.4.1/net/ghttp/ghttp_request_middleware.go:54
20. github.com/gogf/gf/v2/util/gutil.TryCatch
    /home/rime/Project/go/pkg/mod/github.com/gogf/gf/v2@v2.4.1/util/gutil/gutil.go:56
21. github.com/gogf/gf/v2/net/ghttp.(*middleware).Next
    /home/rime/Project/go/pkg/mod/github.com/gogf/gf/v2@v2.4.1/net/ghttp/ghttp_request_middleware.go:49
22. rime-shop-gf/internal/logic/middleware.(*sMiddleware).Ctx
    /home/rime/Project/go/src/rime-shop-gf/internal/logic/middleware/middleware.go:108
23. github.com/gogf/gf/v2/net/ghttp.(*middleware).Next.func1.1
    /home/rime/Project/go/pkg/mod/github.com/gogf/gf/v2@v2.4.1/net/ghttp/ghttp_request_middleware.go:55
24. github.com/gogf/gf/v2/net/ghttp.niceCallFunc
    /home/rime/Project/go/pkg/mod/github.com/gogf/gf/v2@v2.4.1/net/ghttp/ghttp_func.go:55
25. github.com/gogf/gf/v2/net/ghttp.(*middleware).Next.func1
    /home/rime/Project/go/pkg/mod/github.com/gogf/gf/v2@v2.4.1/net/ghttp/ghttp_request_middleware.go:54
26. github.com/gogf/gf/v2/util/gutil.TryCatch
    /home/rime/Project/go/pkg/mod/github.com/gogf/gf/v2@v2.4.1/util/gutil/gutil.go:56
27. github.com/gogf/gf/v2/net/ghttp.(*middleware).Next
    /home/rime/Project/go/pkg/mod/github.com/gogf/gf/v2@v2.4.1/net/ghttp/ghttp_request_middleware.go:49
28. github.com/gogf/gf/v2/net/ghttp.internalMiddlewareServerTracing
    /home/rime/Project/go/pkg/mod/github.com/gogf/gf/v2@v2.4.1/net/ghttp/ghttp_middleware_tracing.go:79
29. github.com/gogf/gf/v2/net/ghttp.(*middleware).Next.func1.5
    /home/rime/Project/go/pkg/mod/github.com/gogf/gf/v2@v2.4.1/net/ghttp/ghttp_request_middleware.go:96
30. github.com/gogf/gf/v2/net/ghttp.niceCallFunc
    /home/rime/Project/go/pkg/mod/github.com/gogf/gf/v2@v2.4.1/net/ghttp/ghttp_func.go:55
31. github.com/gogf/gf/v2/net/ghttp.(*middleware).Next.func1
    /home/rime/Project/go/pkg/mod/github.com/gogf/gf/v2@v2.4.1/net/ghttp/ghttp_request_middleware.go:95
32. github.com/gogf/gf/v2/util/gutil.TryCatch
    /home/rime/Project/go/pkg/mod/github.com/gogf/gf/v2@v2.4.1/util/gutil/gutil.go:56
33. github.com/gogf/gf/v2/net/ghttp.(*middleware).Next
    /home/rime/Project/go/pkg/mod/github.com/gogf/gf/v2@v2.4.1/net/ghttp/ghttp_request_middleware.go:49
34. github.com/gogf/gf/v2/net/ghttp.(*Server).ServeHTTP
    /home/rime/Project/go/pkg/mod/github.com/gogf/gf/v2@v2.4.1/net/ghttp/ghttp_server_handler.go:132

2023-06-19 20:19:56.226 [DEBU] {6812118eb80e6a1756924511693bb81f} [  2 ms] [default] [shop] [rows:6  ] SHOW FULL COLUMNS FROM `role_info`
2023-06-19 20:19:56.227 [ERRO] {6812118eb80e6a1756924511693bb81f} [  0 ms] [default] [shop] [rows:0  ] INSERT INTO `role_info`(`name`,`created_at`,`updated_at`) VALUES('开发','2023-06-19 20:19:56','2023-06-19 20:19:56') 
Error: Error 1364: Field 'desc' doesn't have a default value
Stack:
1.  github.com/gogf/gf/v2/database/gdb.(*Core).writeSqlToLogger
    /home/rime/Project/go/pkg/mod/github.com/gogf/gf/v2@v2.4.1/database/gdb/gdb_core.go:750
2.  github.com/gogf/gf/v2/database/gdb.(*Core).DoCommit
    /home/rime/Project/go/pkg/mod/github.com/gogf/gf/v2@v2.4.1/database/gdb/gdb_core_underlying.go:280
3.  github.com/gogf/gf/v2/database/gdb.(*Core).DoExec
    /home/rime/Project/go/pkg/mod/github.com/gogf/gf/v2@v2.4.1/database/gdb/gdb_core_underlying.go:137
4.  github.com/gogf/gf/v2/database/gdb.(*Core).DoInsert
    /home/rime/Project/go/pkg/mod/github.com/gogf/gf/v2@v2.4.1/database/gdb/gdb_core.go:514
5.  github.com/gogf/gf/v2/database/gdb.(*HookInsertInput).Next
    /home/rime/Project/go/pkg/mod/github.com/gogf/gf/v2@v2.4.1/database/gdb/gdb_model_hook.go:122
6.  github.com/gogf/gf/v2/database/gdb.(*Model).doInsertWithOption
    /home/rime/Project/go/pkg/mod/github.com/gogf/gf/v2@v2.4.1/database/gdb/gdb_model_insert.go:371
7.  github.com/gogf/gf/v2/database/gdb.(*Model).InsertAndGetId
    /home/rime/Project/go/pkg/mod/github.com/gogf/gf/v2@v2.4.1/database/gdb/gdb_model_insert.go:202
8.  rime-shop-gf/internal/logic/role.(*sRole).Create
    /home/rime/Project/go/src/rime-shop-gf/internal/logic/role/role.go:22
9.  rime-shop-gf/internal/controller.(*cRole).Create
    /home/rime/Project/go/src/rime-shop-gf/internal/controller/role.go:16
10. github.com/gogf/gf/v2/net/ghttp.(*middleware).callHandlerFunc.func1
    /home/rime/Project/go/pkg/mod/github.com/gogf/gf/v2@v2.4.1/net/ghttp/ghttp_request_middleware.go:152
11. github.com/gogf/gf/v2/net/ghttp.niceCallFunc
    /home/rime/Project/go/pkg/mod/github.com/gogf/gf/v2@v2.4.1/net/ghttp/ghttp_func.go:55
12. github.com/gogf/gf/v2/net/ghttp.(*middleware).callHandlerFunc
    /home/rime/Project/go/pkg/mod/github.com/gogf/gf/v2@v2.4.1/net/ghttp/ghttp_request_middleware.go:129
13. github.com/gogf/gf/v2/net/ghttp.(*middleware).Next.func1
    /home/rime/Project/go/pkg/mod/github.com/gogf/gf/v2@v2.4.1/net/ghttp/ghttp_request_middleware.go:75
14. github.com/gogf/gf/v2/util/gutil.TryCatch
    /home/rime/Project/go/pkg/mod/github.com/gogf/gf/v2@v2.4.1/util/gutil/gutil.go:56
15. github.com/gogf/gf/v2/net/ghttp.(*middleware).Next
    /home/rime/Project/go/pkg/mod/github.com/gogf/gf/v2@v2.4.1/net/ghttp/ghttp_request_middleware.go:49
16. rime-shop-gf/internal/logic/middleware.(*sMiddleware).ResponseHandler
    /home/rime/Project/go/src/rime-shop-gf/internal/logic/middleware/middleware.go:51
17. github.com/gogf/gf/v2/net/ghttp.(*middleware).Next.func1.1
    /home/rime/Project/go/pkg/mod/github.com/gogf/gf/v2@v2.4.1/net/ghttp/ghttp_request_middleware.go:55
18. github.com/gogf/gf/v2/net/ghttp.niceCallFunc
    /home/rime/Project/go/pkg/mod/github.com/gogf/gf/v2@v2.4.1/net/ghttp/ghttp_func.go:55
19. github.com/gogf/gf/v2/net/ghttp.(*middleware).Next.func1
    /home/rime/Project/go/pkg/mod/github.com/gogf/gf/v2@v2.4.1/net/ghttp/ghttp_request_middleware.go:54
20. github.com/gogf/gf/v2/util/gutil.TryCatch
    /home/rime/Project/go/pkg/mod/github.com/gogf/gf/v2@v2.4.1/util/gutil/gutil.go:56
21. github.com/gogf/gf/v2/net/ghttp.(*middleware).Next
    /home/rime/Project/go/pkg/mod/github.com/gogf/gf/v2@v2.4.1/net/ghttp/ghttp_request_middleware.go:49
22. rime-shop-gf/internal/logic/middleware.(*sMiddleware).Ctx
    /home/rime/Project/go/src/rime-shop-gf/internal/logic/middleware/middleware.go:108
23. github.com/gogf/gf/v2/net/ghttp.(*middleware).Next.func1.1
    /home/rime/Project/go/pkg/mod/github.com/gogf/gf/v2@v2.4.1/net/ghttp/ghttp_request_middleware.go:55
24. github.com/gogf/gf/v2/net/ghttp.niceCallFunc
    /home/rime/Project/go/pkg/mod/github.com/gogf/gf/v2@v2.4.1/net/ghttp/ghttp_func.go:55
25. github.com/gogf/gf/v2/net/ghttp.(*middleware).Next.func1
    /home/rime/Project/go/pkg/mod/github.com/gogf/gf/v2@v2.4.1/net/ghttp/ghttp_request_middleware.go:54
26. github.com/gogf/gf/v2/util/gutil.TryCatch
    /home/rime/Project/go/pkg/mod/github.com/gogf/gf/v2@v2.4.1/util/gutil/gutil.go:56
27. github.com/gogf/gf/v2/net/ghttp.(*middleware).Next
    /home/rime/Project/go/pkg/mod/github.com/gogf/gf/v2@v2.4.1/net/ghttp/ghttp_request_middleware.go:49
28. github.com/gogf/gf/v2/net/ghttp.internalMiddlewareServerTracing
    /home/rime/Project/go/pkg/mod/github.com/gogf/gf/v2@v2.4.1/net/ghttp/ghttp_middleware_tracing.go:79
29. github.com/gogf/gf/v2/net/ghttp.(*middleware).Next.func1.5
    /home/rime/Project/go/pkg/mod/github.com/gogf/gf/v2@v2.4.1/net/ghttp/ghttp_request_middleware.go:96
30. github.com/gogf/gf/v2/net/ghttp.niceCallFunc
    /home/rime/Project/go/pkg/mod/github.com/gogf/gf/v2@v2.4.1/net/ghttp/ghttp_func.go:55
31. github.com/gogf/gf/v2/net/ghttp.(*middleware).Next.func1
    /home/rime/Project/go/pkg/mod/github.com/gogf/gf/v2@v2.4.1/net/ghttp/ghttp_request_middleware.go:95
32. github.com/gogf/gf/v2/util/gutil.TryCatch
    /home/rime/Project/go/pkg/mod/github.com/gogf/gf/v2@v2.4.1/util/gutil/gutil.go:56
33. github.com/gogf/gf/v2/net/ghttp.(*middleware).Next
    /home/rime/Project/go/pkg/mod/github.com/gogf/gf/v2@v2.4.1/net/ghttp/ghttp_request_middleware.go:49
34. github.com/gogf/gf/v2/net/ghttp.(*Server).ServeHTTP
    /home/rime/Project/go/pkg/mod/github.com/gogf/gf/v2@v2.4.1/net/ghttp/ghttp_server_handler.go:132

2023-06-19 20:21:05.755 [DEBU] {994d3cbec80e6a1762478d10032520e7} [  3 ms] [default] [shop] [rows:6  ] SHOW FULL COLUMNS FROM `role_info`
2023-06-19 20:21:05.757 [DEBU] {994d3cbec80e6a1762478d10032520e7} [  2 ms] [default] [shop] [rows:1  ] INSERT INTO `role_info`(`name`,`desc`,`created_at`,`updated_at`) VALUES('开发','负责开发软件','2023-06-19 20:21:05','2023-06-19 20:21:05') 
2023-06-19 20:21:33.153 [DEBU] {4e005d1fcf0e6a1763478d100feed17c} [  2 ms] [default] [shop] [rows:1  ] UPDATE `role_info` SET `name`='摸鱼',`desc`='负责墨鱼',`updated_at`='2023-06-19 20:21:33' WHERE (`id`=6) AND `deleted_at` IS NULL
2023-06-19 20:22:14.271 [DEBU] {775630b2d80e6a1764478d10ce3b91c1} [  2 ms] [default] [shop] [rows:1  ] UPDATE `role_info` SET `deleted_at`='2023-06-19 20:22:14' WHERE (`id`=3) AND `deleted_at` IS NULL
2023-06-19 20:23:01.909 [DEBU] {992eb1c9e30e6a1765478d10eba7d8aa} [  1 ms] [default] [shop] [rows:1  ] SELECT COUNT(1) FROM `role_info` WHERE `deleted_at` IS NULL
2023-06-19 20:23:01.909 [DEBU] {992eb1c9e30e6a1765478d10eba7d8aa} [  0 ms] [default] [shop] [rows:3  ] SELECT `id`,`name` FROM `role_info` WHERE `deleted_at` IS NULL LIMIT 0,10
